 1001  npm start
 1002  npm i bootstrap@4.1.1
 1003  npm start
 1004  git add .
 1005  rm -rf .git
 1006  git status
 1007  git init
 1008  git status
 1009  git remote add origin https://github.com/jwlee38/Vidly.git
 1010  git add .
 1011  git commit -m 'movie list table'
 1012  git push 
 1013  git push -u origin master
 1014  npm star
 1015  npm start
 1016  npm start
 1017  npm start
 1018  cd AVAIL/
 1019  cd code/
 1020  cd myapp/
 1021  cd MasteringReact/
 1022  ll
 1023  create-react-app vidly
 1024  cd vidly/
 1025  npm i bootstrap@4.1.1 font-awesome@4.7.0
 1026  npm start
 1027  npm start
 1028  npm i prop-types@15.6.2
 1029  npm i loadash@4.17.10
 1030  npm i loadash@4.17.20
 1031  npm i lodash@4.17.10
 1032  npm start
 1033  npm i prop-types@15.6.2
 1034  npm start
 1035  node -v
 1036  cd ..
 1037  sudo npm uninstall -g create-react-app
 1038  npm install -g update
 1039  npx create-react-app react-advanced_1
 1040  ll
 1041  cd react-advanced_1/
 1042  npm start
 1043  cd ..
 1044  ll
 1045  cd react-advanced/
 1046  npm start
 1047  npm i query-string@6.1.0
 1048  npm i react-router-dom@4.3.1
 1049  npm start
 1050  npm i
 1051  npm start
 1052  npm i react-router-dom@4.3.1
 1053  npm start
 1054  npm i query-string@6.1.0
 1055  npm start
 1056  globalprotect connect --portal uavpn.albany.edu
 1057  npm start
 1058  sudo apt-get install vlc -y
 1059  exit
 1060  npm i
 1061  npm start
 1062  npm i joi-browser@13.4
 1063  npm start
 1064  ll
 1065  cd AVAIL/
 1066  ll
 1067  cd code/
 1068  ll
 1069  cd myapp/
 1070  ll
 1071  cd MasteringReact/
 1072  ll
 1073  cd Section\ 8-\ Calling\ Backend\ Services/
 1074  ll
 1075  cd start/
 1076  ll
 1077  cd http-app/
 1078  ll
 1079  cd ..
 1080  cd MasteringReact/
 1081  ll
 1082  cd http-app/
 1083  npm i
 1084  npm start
 1085  npm i axios@0.18
 1086  npm start
 1087  cd AVAIL/
 1088  ll
 1089  cd code/
 1090  exit
 1091  conda
 1092  activate asimtest
 1093  source activate asimtest
 1094  conda activate asimtest
 1095  exit
 1096  sudo apt-get install Anaconda
 1097  conda
 1098  cd AVAIL/
 1099  cd code/
 1100  conda create -n asimtest python=3.8
 1101  conda activate asimtest
 1102  ls
 1103  conda install cytoolz numpy pandas psutil pyarrow numba
 1104  conda install -c anaconda pytables pyyaml
 1105  pip install openmatrix zbox requests
 1106  conda install pytest pytest -cov coveralls pycodestyle
 1107  conda install pytest pytest-cov coveralls pycodestyle
 1108  pip install pytest-regressions
 1109  conda install sphinx numpydoc sphinx_rtd_theme
 1110  conda install jupyterlab matplotlib geopandas descartes larch
 1111  pip install activitysim
 1112  pip install -U activitysim
 1113  conda install jupyterlab
 1114  jupyter notebook
 1115  cd activitysim/
 1116  exit
 1117  cd AVAIL/
 1118  cd code
 1119  ls
 1120  cd example/
 1121  ll
 1122  cd ..
 1123  mdir activitysim
 1124  mkdir activitysim
 1125  ll
 1126  ls
 1127  cd activitysim/
 1128  mkdir populationsim
 1129  cd populationsim/
 1130  conda create -n popsim python=3.8
 1131  conda activate popsim
 1132  conda install pytables
 1133  pip install populationsim
 1134  ls
 1135  ll
 1136  cd .
 1137  mkdir example_calm
 1138  ls
 1139  cd example_calm/
 1140  activate popsim
 1141  python run_populationsim.py
 1142  exit
 1143  cd AVAIL/code
 1144  cd activitysim/
 1145  conda create -n asimtest1 python=3.8
 1146  conda activate asimtest1
 1147  conda install cytoolz numpy pandas psutil pyarrow numba
 1148  conda install -c anaconda pytables pyyaml
 1149  pip install openmatrix zbox requests
 1150  conda install pytest pytest-cov coveralls pycodestyle
 1151  pip install pytest-regressions
 1152  conda install sphinx numpydoc sphinx_rtd_theme
 1153  conda install jupyterlab matplotlib geopandas descartes larch
 1154  pip install activitysim
 1155  pip install -U activitysim
 1156  jupiter notebook
 1157  conda install jupyterlab
 1158  jupiter notebook
 1159  jupyter notebook
 1160  conda deactivate asimtest1
 1161  exit
 1162  conda create -n popsim python=3.8
 1163  conda activate popsim
 1164  conda install pytables
 1165  pip install populationsim
 1166  conda -V
 1167  python run_populationsim.py
 1168  find -iname example_calm*
 1169  cd ..
 1170  ls
 1171  cd home/
 1172  cd jin/
 1173  ll
 1174  cd .local/share/Trash/files/
 1175  ll
 1176  cd populationsim/
 1177  ll
 1178  cd example_calm/
 1179  ll
 1180  ls
 1181  cd ..
 1182  ll
 1183  git clone https://github.com/RSGInc/odot_PopulationSim_resources.git
 1184  ls
 1185  ll
 1186  cd ..
 1187  cd activitysim/
 1188  conda activate asimtest
 1189  jupyter notebook
 1190  C
 1191  q
 1192  exit
 1193  npm start
 1194  cd src
 1195  ll
 1196  cd components/
 1197  ls
 1198  cd ../
 1199  ls
 1200  mkdir modules
 1201  git submodule add https://github.com/availabs/avl-map.git
 1202  ls
 1203  rm -rf avl-map/
 1204  ls
 1205  rm -rf .git
 1206  ls
 1207  cd modules/
 1208  git submodule add https://github.com/availabs/avl-map.git
 1209  cd ../
 1210  git init
 1211  cd ../
 1212  mv openFemaData/ avl-modeler
 1213  cd avl-modeler/
 1214  npm start
 1215  mkdir
 1216  mkdir repo
 1217  cd repo/
 1218  git clone https://github.com/ActivitySim/activitysim.git
 1219  cd ..
 1220  rf rm repo/
 1221  rf -rm repo
 1222  rm -rf repo
 1223  git clone https://github.com/ActivitySim/activitysim.git
 1224  ls
 1225  cd activitysim/
 1226  ll
 1227  cd activitysim/
 1228  ll
 1229  cd examples/
 1230  ll
 1231  cd example_mtc/
 1232  ls
 1233  cd output/
 1234  ls
 1235  cd ..
 1236  conda activate asimtest1
 1237  ls
 1238  deactivate asimtest1
 1239  conda deactivate asimtest1
 1240  conda deactivate
 1241  conda activate asimtest
 1242  ls
 1243  conda deactivate
 1244  conda activate asimtest1
 1245  jupyter notebook
 1246  cd activitysim/
 1247  ls
 1248  cd examples/
 1249  cd example_mtc/
 1250  cd notebooks/
 1251  ls
 1252  jupyter notebook
 1253  cd ..
 1254  jupyter notebook
 1255  cd activitysim/
 1256  jupyter notebook
 1257  cd ..
 1258  ll
 1259  cd external_resources/
 1260  git clone https://github.com/RSGInc/odot_PopulationSim_resources.git
 1261  sudo apt install pzip
 1262  ls
 1263  cd odot_PopulationSim_resources/
 1264  ll
 1265  cd training_package/
 1266  ll
 1267  p7zip -d TrainingPackage.7z 
 1268  sudo apt install p7zip
 1269  p7zip -d TrainingPackage.7z 
 1270  sudo apt-get install p7zip-full
 1271  7z x TrainingPackage.7z 
 1272  ls
 1273  ll
 1274  7za e TrainingPackage.7z 
 1275  ls -la
 1276  ls -lah
 1277  cd ../
 1278  ls
 1279  cd ../
 1280  ls
 1281  cd ../
 1282  ls
 1283  git status
 1284  cd populationsim/
 1285  ls
 1286  git status
 1287  ll
 1288  cd data/
 1289  ls
 1290  tippecanoe -o tl_2020_36_bg.mbtile -zg --drop-densest-as-needed tl_2020_36_bg.geojson
 1291  tippecanoe -o tl_2020_36_puma10.mbtile -zg --drop-densest-as-needed tl_2020_36_puma10.geojson 
 1292  cd ..
 1293  git clone https://github.com/availabs/openFemaData.git
 1294  ll
 1295  cd openFemaData/
 1296  ls
 1297  npm instal
 1298  cd ..
 1299  cd..
 1300  cd ..
 1301  ll
 1302  cd ..
 1303  ll
 1304  cd usr
 1305  cd ..
 1306  cd user
 1307  cd usr/
 1308  ll
 1309  cd ..
 1310  cd home/
 1311  ll
 1312  cd jin/
 1313  ll
 1314  find . -iname example_calm*
 1315  cd ..
 1316  ll
 1317  cd usr
 1318  ll
 1319  cd share/
 1320  ll
 1321  ls
 1322  find . -iname example_calm*
 1323  cd ..
 1324  find . -iname example_calm*
 1325  cd ..
 1326  ll
 1327  cd home/
 1328  cd .
 1329  cd ..
 1330  find . -iname example_calm*
 1331  cd ..
 1332  ls
 1333  cd home/
 1334  ls
 1335  cd jin/
 1336  cd AVAIL/code
 1337  ls
 1338  cd ac
 1339  cd activitysim/
 1340  ls
 1341  mkdir populationsim
 1342  ls
 1343  cd populationsim/
 1344  ls
 1345  git clone https://github.com/ActivitySim/populationsim.git
 1346  ls
 1347  cd populationsim/
 1348  ll
 1349  cd ..
 1350  git clone https://github.com/ActivitySim/populationsim.git
 1351  rm -rf populationsim/
 1352  ll
 1353  git clone https://github.com/ActivitySim/populationsim.git
 1354  ll
 1355  cd populationsim/
 1356  ll
 1357  cd example_calm
 1358  ll
 1359  conda activate popsim
 1360  python run_populationsim.py 
 1361  npm start
 1362  git status
 1363  less .git/config 
 1364  git add . 
 1365  git commit -m 'setup' 
 1366  git remote add origin https://github.com/availabs/avl-modeler.git
 1367  git push origin master
 1368  npm start
 1369  ll
 1370  cd src/modules/avl-map/
 1371  git pull origin master
 1372  git diff
 1373  npm start
 1374  npm install @turf/boolean-contains
 1375  npm start
 1376  cd ..
 1377  npm start
 1378  cd AVAIL/code/avl-modeler/
 1379  cd src/modules/avl-map/
 1380  git stash
 1381  git stash pop
 1382  git stash
 1383  git stash pop
 1384  git stash
 1385  git stash pop
 1386  git stash
 1387  git stash pop
 1388  git stash
 1389  git stash pop
 1390  git stash
 1391  cd ..
 1392  avl-map/git pull origin master
 1393  cd avl-map/
 1394  git pull origin master
 1395  git stash
 1396  git pull orgin master
 1397  git pull origin master
 1398  git status
 1399  git pull origin master
 1400  npm start
 1401  npm install @turf/boolean-contains
 1402  npm start
 1403  npm install @turf/boolean-contain
 1404  npm start
 1405  npm install @turf/turf
 1406  npm start
 1407  npm i --save lodash.flattend
 1408  npm start
 1409  cd AVAIL/code
 1410  ll
 1411  cd avl-modeler/
 1412  {sudo -H} npm i -g npm
 1413  cd AVAIL/
 1414  cd c
 1415  cd code/
 1416  ll
 1417  cd activitysim/
 1418  ll
 1419  cd populationsim/
 1420  ll
 1421  conda activate popsim
 1422  cd example_calm
 1423  ll
 1424  python run_populationsim.py 
 1425  npm start
 1426  history > log_071321
 1427  npm start
 1428  git add .
 1429  git commit -m 'filter BGs based on selected puma'
 1430  git pull
 1431  git push
 1432  sudo apt-get install filezilla
 1433  cd AVAIL/
 1434  cd code/
 1435  ls
 1436  cd activitysim/
 1437  ls
 1438  cd populationsim/
 1439  ls
 1440  cd example_calm
 1441  ll
 1442  cd data/
 1443  ls
 1444  awk -F'\t' -v OFS='\t' '
 1445    NR == 1 {print "ID", $0; next}
 1446    {print (NR-1), $0}
 1447  ' hh_seed_test.csv > output.csv
 1448  ls
 1449  cat output.csv 
 1450  awk -F'\t' -v OFS='\t' '
 1451    NR == 1 {print "hhnum", $0; next}
 1452    {print (NR-1), $0}
 1453  ' hh_seed_test.csv > hh_seed_2.csv
 1454  npm install file-saver --save
 1455  git add . 
 1456  git commite - m 'update DataGenerator'
 1457  git commit - m 'update DataGenerator'
 1458  git commit -m 'update DataGenerator'
 1459  git pull
 1460  git push
 1461  cd AV
 1462  cd AVAIL/
 1463  ls
 1464  cd code/
 1465  ls
 1466  cd activitysim/
 1467  ls
 1468  cd populationsim/
 1469  ls
 1470  cd example_calm
 1471  ls
 1472  py run_populationsim.py 
 1473  activate popsim
 1474  conda activate popsim
 1475  python run_populationsim.py 
 1476  LS
 1477  ls
 1478  python run_populationsim.py 
 1479  ls
 1480  less configs/controls.csv 
 1481  python run_populationsim.py 
 1482  less configs/controls.csv 
 1483  python run_populationsim.py 
 1484  [A
 1485  python run_populationsim.py 
 1486  python run_populationsim.py \
 1487  python run_populationsim.py
 1488  /usr/bin/python3
 1489  /usr/bin/python3 -m pip install -U autopep8
 1490  npm start
 1491  npm install --save-dev json-loader
 1492  cd AVAIL/
 1493  cd code
 1494  ls
 1495  cd activitysim/
 1496  ls
 1497  cd populationsim/
 1498  ls
 1499  cd example_calm
 1500  ls
 1501  python run_populationsim.py 
 1502  activate popsim
 1503  conda activate popsim
 1504  python run_populationsim.py 
 1505  clear
 1506  python run_populationsim.py 
 1507  clear
 1508  python run_populationsim.py 
 1509  clear
 1510  python run_populationsim.py 
 1511  clear
 1512  python run_populationsim.py 
 1513  clear
 1514  python run_populationsim.py 
 1515  clear
 1516  python run_populationsim.py 
 1517  clear
 1518  python run_populationsim.py 
 1519  clear
 1520  python run_populationsim.py
 1521  python run_populationsim.py 
 1522  ls
 1523  cd data
 1524  ls
 1525  cd ..
 1526  python run_populationsim.py 
 1527  ls
 1528  cd ../
 1529  ls
 1530  cd em
 1531  cd example_calm
 1532  python run_populationsim.py 
 1533  cd ..
 1534  ls
 1535  cd example_calm_albany/
 1536  python run_populationsim.py 
 1537  cd ..
 1538  ls
 1539  cd example_test/
 1540  python run_populationsim.py 
 1541  cd ..
 1542  cd example_calm_albany/
 1543  python run_populationsim.py 
 1544  cd AVAIL/code/
 1545  ls
 1546  cd activitysim/
 1547  ls
 1548  cd ..
 1549  avl-m
 1550  avl-modeler/
 1551  ls
 1552  activitysim/
 1553  cd activitysim/
 1554  cd populationsim/
 1555  ls
 1556  cd example_calm
 1557  conda activate popsim
 1558  ls
 1559  python run_populationsim.py 
 1560  cd ..
 1561  cd example_calm_albany/
 1562  python run_populationsim.py 
 1563  exit
 1564  cd AVAIL/code
 1565  cd activitysim/
 1566  ls
 1567  cd populationsim/
 1568  ls
 1569  cd example_calm_albany/
 1570  conda activate popsim
 1571  python run_populationsim.py 
 1572  q
 1573  quit
 1574  exit
 1575  cd ..
 1576  cd activitysim/
 1577  ls
 1578  cd populationsim/
 1579  ls
 1580  cd example_calm_albany/
 1581  ls
 1582  python run_populationsim.py 
 1583  conda activate popsim
 1584  python run_populationsim.py 
 1585  cd AVAIL/cde
 1586  cd AVAIL
 1587  cd code/
 1588  ls
 1589  cd avl-modeler/
 1590  ls
 1591  cd tasks/
 1592  ls
 1593  cd split_pums_data/
 1594  node --max-old-space-size=16384 spliter.js 
 1595  npm start
 1596  Prettify JSON
 1597  npm start
 1598  cd AVAIL/code
 1599  cd ..
 1600  ls
 1601  cd Documents/
 1602  ls
 1603  cd sam/
 1604  ls
 1605  cd HOLC_Area_Description_Data-master/
 1606  mkdir original
 1607  cd original/
 1608  git clone https://github.com/americanpanorama/HOLC_Area_Description_Data.git
 1609  cd ..
 1610  ls
 1611  cd activitysim/
 1612  ls
 1613  cd populationsim/
 1614  ls
 1615  cd example_calm_albany/
 1616  ls
 1617  conda activate popsim
 1618  python run_populationsim.py 
 1619  exit
 1620  ls
 1621  cd AVAIL/code
 1622  ls
 1623  cd avl-modeler/
 1624  ls
 1625  cd tasks/
 1626  ls
 1627  cd split_pums_data/
 1628  ls
 1629  node --max-old-space-size=16384 spliter.js 
 1630  cd ..
 1631  npm start
 1632  npm start
 1633  jupyter notebook
 1634  conda jupyter notebook
 1635  cd ..
 1636  ls
 1637  cd jin
 1638  ls
 1639  cd Documents/
 1640  cd sam
 1641  ls
 1642  ll
 1643  ls
 1644  ll
 1645  cd NASA\ Earth\ Data/
 1646  ls
 1647  ll
 1648  cd ..
 1649  cd home
 1650  ls
 1651  cd jin
 1652  ls
 1653  cd AVAIL/
 1654  ls
 1655  cd code
 1656  ls
 1657  clone https://github.com/ecohydro/GlobalUrbanHeat.git
 1658  git clone https://github.com/ecohydro/GlobalUrbanHeat.git
 1659  ls
 1660  cd GlobalUrbanHeat/
 1661  ls
 1662  ll
 1663  cd Notebooks/
 1664  ls
 1665  jupyter notebook
 1666  cd ..
 1667  conda install jupyterlab
 1668  jupyter notebook
 1669  conda jupyter notebook
 1670  jupyter notebook
 1671  npm start
 1672  git add .
 1673  git commit -m 'update VarDisplay'
 1674  git pull
 1675  git pushgit push
 1676  git push
 1677  npm start
 1678  cd AVAIL/
 1679  code
 1680  ls
 1681  cd code
 1682  ls
 1683  cd ..
 1684  ls
 1685  cd Documents/
 1686  ls
 1687  cd sam/
 1688  ls
 1689  git clone https://github.com/americanpanorama/Census_HOLC_Research.git
 1690  ls
 1691  ls lm
 1692  ls
 1693  ll
 1694  cd ls
 1695  ls
 1696  cd Downloads/
 1697  ls
 1698  npm start
 1699  cd Downloads/
 1700  ls
 1701  cd A
 1702  ls
 1703  cd ASUS_MB_Series_driver_for_Ubuntu_5.3.1/
 1704  ls
 1705  sudo ./displaylink-driver-5.3.1.34.run
 1706  d ..
 1707  cd ..
 1708  ls
 1709  git clone ttps://github.com/AdnanHodzic/displaylink-debian.git
 1710  git clone https://github.com/AdnanHodzic/displaylink-debian.git
 1711  cd displaylink-debian/
 1712  ls
 1713  sudo ./displaylink-debian.sh
 1714  apt-get update
 1715  sudo apt-get update
 1716  sudo ./displaylink-debian.sh
 1717  npm start
 1718  ls
 1719  cd database/
 1720  ls
 1721  python create.py
 1722  python insert_test_data.py 
 1723  cd AVAIL/code
 1724  cd activity_sim_server/
 1725  py -m venv venv
 1726  conda
 1727  conda list
 1728  conda --help
 1729  conda create --help
 1730  conda create -n asim python=3.9 -c conda-forge --override-channels
 1731  conda activate asim
 1732  conda install flask
 1733  python index.py
 1734  flask index.py
 1735  flask --version
 1736  export FLASK_APP=index
 1737  flask run
 1738  conda install sqlite
 1739  python database/create.py 
 1740  ls database/
 1741  python database/create.py 
 1742  ls database/
 1743  cd database/
 1744  python create.py 
 1745  ls
 1746  cd ..
 1747  ls
 1748  rm activitysimserver.sqlite 
 1749  ls
 1750  rm database/activitysimserver.sqlite 
 1751  python database/create.py 
 1752  sudo apt-get install sqlitebrowser 
 1753  python database/create.py 
 1754  python database/insert_test_data.py 
 1755  history>history.log
 1756  flask run
 1757  npm start
 1758  git add .
 1759  git commit -m 'update barcharts'
 1760  git pull
 1761  git push
 1762  npm start
 1763  ls
 1764  cd database/
 1765  python create.py
 1766  python insert_test_data.py 
 1767  conda activate asim
 1768  python index.py
 1769  flask index.py
 1770  flask run
 1771  flask --version
 1772  export FLASK_APP=index
 1773  flask run
 1774  conda config --show channels
 1775  conda list
 1776  git add .
 1777  git add.
 1778  conda activate asim
 1779  flask run
 1780  export FLASK_APP=index
 1781  flask run
 1782  python index.py
 1783  flask run
 1784  cd AVAIL/code
 1785  ls
 1786  cd backup/
 1787  ls
 1788  mkdir avl-modeler-working
 1789  ls
 1790  cd avl-modeler-working/
 1791  git clone https://github.com/availabs/avl-modeler.git
 1792  ls
 1793  rm -rf avl-modeler/
 1794  ls
 1795  cd ..
 1796  git clone https://github.com/availabs/avl-modeler.git
 1797  cd avl-modeler
 1798  npm start
 1799  sudo apt-get update
 1800  sudo apt-get install clamav clamav-daemon
 1801  clamscan --version
 1802  git init
 1803  git add .
 1804  git commit -m 'initial commit'
 1805  cd src
 1806  cd modules/
 1807  git submodule add https://github.com/availabs/avl-components.git .
 1808  git submodule add https://github.com/availabs/avl-components.git 
 1809  ls
 1810  rm -rf avl-components/
 1811  rm -rf avl-graph/
 1812  git submodule add https://github.com/availabs/avl-components.git 
 1813  cd avl-components/
 1814  git checkout 1.1.0
 1815  git pull
 1816  git status
 1817  cd ..
 1818  npm install
 1819  npm start
 1820  npm install @headlessui/react
 1821  npm start
 1822  ls
 1823  cd src/modules/
 1824  git submodule add https://github.com/availabs/avl-map.git .
 1825  l
 1826  git submodule add https://github.com/availabs/avl-map.git
 1827  ls
 1828  cd avl-
 1829  cd avl-map/
 1830  git status
 1831  ls
 1832  git pull origin master
 1833  cd ../
 1834  cd .//
 1835  cd ../
 1836  npm install lodash.flatten papaparse jszip filesaver @turf/turf --save
 1837  npm start
 1838  npm i @heroicons/react
 1839  npm install file-saver --save
 1840  cd database/
 1841  python create.py 
 1842  python insert_test_data.py 
 1843  cd ..
 1844  ls database/
 1845  cd database/
 1846  cd ..
 1847  python database/create.py 
 1848  python database/insert_test_data.py 
 1849  cd database/
 1850  python create.py 
 1851  python insert_test_data.py 
 1852  ls
 1853  rm rf activitysimserver.sqlite 
 1854  ls
 1855  python create.py 
 1856  python insert_test_data.py 
 1857  ls
 1858  rm activitysimserver.sqlite 
 1859  python create.py 
 1860  python insert_test_data.py 
 1861  rm activitysimserver.sqlite 
 1862  python create.py 
 1863  python insert_test_data.py 
 1864  rm activitysimserver.sqlite 
 1865  python create.py 
 1866  rm activitysimserver.sqlite 
 1867  python create.py 
 1868  python insert_test_data.py 
 1869  python create.py 
 1870  python insert_test_data.py 
 1871  rm activitysimserver.sqlite 
 1872  python create.py 
 1873  python insert_test_data.py 
 1874  rm activitysimserver.sqlite 
 1875  python create.py 
 1876  python insert_test_data.py 
 1877  cd ..
 1878  git clone https://github.com/availabs/ppdaf-layout.git
 1879  mv ppdaf-layout/
 1880  mv ppdaf-layout/ avl-modeler 
 1881  cd avl-modeler/
 1882  rm -rf .git
 1883  cd ..
 1884  git clone https://github.com/availabs/ppdaf-layout.git
 1885  mv ppdaf-layout/ avl-modeler2
 1886  cd avl-modeler2
 1887  rm -rf .git
 1888  python insert_test_data.py 
 1889  cd ..
 1890  cd activity_sim_server/
 1891  cd database/
 1892  ls
 1893  rm activitysimserver.sqlite 
 1894  python create.py 
 1895  python insert_test_data.py 
 1896  rm activitysimserver.sqlite 
 1897  python create.py 
 1898  python insert_test_data.py 
 1899  cd ../
 1900  ls
 1901  less README.md 
 1902  conda activate asim
 1903  python index.py 
 1904  flask run
 1905  flask run index.py 
 1906  ls
 1907  less README.md 
 1908  ls
 1909  flask run
 1910  chmod ./envars.sh +x
 1911  chmod +x ./envars.sh
 1912  ./envars.sh 
 1913  flask run
 1914  export FLASK_APP=index
 1915  flask run
 1916  history > history1.log
 1917  flask run
 1918  conda install -c anaconda flask-cors
 1919  conda list
 1920  conda install -c anaconda flask-cors
 1921  conda list
 1922  flask run
 1923  conda install -U flask-cors
 1924  conda install -c conda-forge flask-cors
 1925  cd database/
 1926  make
 1927  ls
 1928  ls -lah
 1929  ls
 1930  make
 1931  ls
 1932  rm -rf data/
 1933  rm counties.zip 
 1934  make
 1935  ls
 1936  cd data/
 1937  ls
 1938  cd ../
 1939  make
 1940  make -all
 1941  make all
 1942  make
 1943  unzip -d data/csv_pny.zip
 1944  unzip data/csv_pny.zip
 1945  ls
 1946  ls data/
 1947  mamke
 1948  make
 1949  ls
 1950  make
 1951  ls
 1952  make
 1953  ls
 1954  ls data/
 1955  less data/
 1956  ls data/
 1957  ll
 1958  rm -rf psam_p36.csv 
 1959  ls
 1960  ls data/
 1961  ls
 1962  rm -rf data/
 1963  make
 1964  unzip -p data/csv_pny.zip /psam_h36.csv > data/psam_h36.csv
 1965  ls data/
 1966  rm -rf data/
 1967  make
 1968  ls data/
 1969  rm -rf data/
 1970  nmake
 1971  make
 1972  ls data/
 1973  less data/psam_h36.csv 
 1974  unzip -p data/csv_hny.zip /psam_h36.csv > data/psam_h36.csv
 1975  unzip -p data/csv_hny.zip psam_h36.csv > data/psam_h36.csv
 1976  less data/psam_h36.csv 
 1977  rm -rf data/
 1978  make
 1979  pip install pandas
 1980  python import_csv.py 
 1981  python import_csv_1.py 
 1982  python load_csv.py 
 1983  npm start
 1984  cd ..
 1985  cd backup/
 1986  ls
 1987  cd avl-modeler-working/
 1988  ls
 1989  cd ..
 1990  cd home
 1991  ls
 1992  cd jin
 1993  cd AVAIL/code
 1994  ls
 1995  cd avl-modeler
 1996  npm start
 1997  cd server/
 1998  ls -lah
 1999  ls
 2000  history > history1.log
