 1003  cd ..
 1004  sudo npm uninstall -g create-react-app
 1005  npm install -g update
 1006  npx create-react-app react-advanced_1
 1007  ll
 1008  cd react-advanced_1/
 1009  npm start
 1010  cd ..
 1011  ll
 1012  cd react-advanced/
 1013  npm start
 1014  npm i query-string@6.1.0
 1015  npm i react-router-dom@4.3.1
 1016  npm start
 1017  npm i
 1018  npm start
 1019  npm i react-router-dom@4.3.1
 1020  npm start
 1021  npm i query-string@6.1.0
 1022  npm start
 1023  globalprotect connect --portal uavpn.albany.edu
 1024  npm start
 1025  sudo apt-get install vlc -y
 1026  exit
 1027  npm i
 1028  npm start
 1029  npm i joi-browser@13.4
 1030  npm start
 1031  ll
 1032  cd AVAIL/
 1033  ll
 1034  cd code/
 1035  ll
 1036  cd myapp/
 1037  ll
 1038  cd MasteringReact/
 1039  ll
 1040  cd Section\ 8-\ Calling\ Backend\ Services/
 1041  ll
 1042  cd start/
 1043  ll
 1044  cd http-app/
 1045  ll
 1046  cd ..
 1047  cd MasteringReact/
 1048  ll
 1049  cd http-app/
 1050  npm i
 1051  npm start
 1052  npm i axios@0.18
 1053  npm start
 1054  cd AVAIL/
 1055  ll
 1056  cd code/
 1057  exit
 1058  conda
 1059  activate asimtest
 1060  source activate asimtest
 1061  conda activate asimtest
 1062  exit
 1063  sudo apt-get install Anaconda
 1064  conda
 1065  cd AVAIL/
 1066  cd code/
 1067  conda create -n asimtest python=3.8
 1068  conda activate asimtest
 1069  ls
 1070  conda install cytoolz numpy pandas psutil pyarrow numba
 1071  conda install -c anaconda pytables pyyaml
 1072  pip install openmatrix zbox requests
 1073  conda install pytest pytest -cov coveralls pycodestyle
 1074  conda install pytest pytest-cov coveralls pycodestyle
 1075  pip install pytest-regressions
 1076  conda install sphinx numpydoc sphinx_rtd_theme
 1077  conda install jupyterlab matplotlib geopandas descartes larch
 1078  pip install activitysim
 1079  pip install -U activitysim
 1080  conda install jupyterlab
 1081  jupyter notebook
 1082  cd activitysim/
 1083  exit
 1084  cd AVAIL/
 1085  cd code
 1086  ls
 1087  cd example/
 1088  ll
 1089  cd ..
 1090  mdir activitysim
 1091  mkdir activitysim
 1092  ll
 1093  ls
 1094  cd activitysim/
 1095  mkdir populationsim
 1096  cd populationsim/
 1097  conda create -n popsim python=3.8
 1098  conda activate popsim
 1099  conda install pytables
 1100  pip install populationsim
 1101  ls
 1102  ll
 1103  cd .
 1104  mkdir example_calm
 1105  ls
 1106  cd example_calm/
 1107  activate popsim
 1108  python run_populationsim.py
 1109  exit
 1110  cd AVAIL/code
 1111  cd activitysim/
 1112  conda create -n asimtest1 python=3.8
 1113  conda activate asimtest1
 1114  conda install cytoolz numpy pandas psutil pyarrow numba
 1115  conda install -c anaconda pytables pyyaml
 1116  pip install openmatrix zbox requests
 1117  conda install pytest pytest-cov coveralls pycodestyle
 1118  pip install pytest-regressions
 1119  conda install sphinx numpydoc sphinx_rtd_theme
 1120  conda install jupyterlab matplotlib geopandas descartes larch
 1121  pip install activitysim
 1122  pip install -U activitysim
 1123  jupiter notebook
 1124  conda install jupyterlab
 1125  jupiter notebook
 1126  jupyter notebook
 1127  conda deactivate asimtest1
 1128  exit
 1129  conda create -n popsim python=3.8
 1130  conda activate popsim
 1131  conda install pytables
 1132  pip install populationsim
 1133  conda -V
 1134  python run_populationsim.py
 1135  find -iname example_calm*
 1136  cd ..
 1137  ls
 1138  cd home/
 1139  cd jin/
 1140  ll
 1141  cd .local/share/Trash/files/
 1142  ll
 1143  cd populationsim/
 1144  ll
 1145  cd example_calm/
 1146  ll
 1147  ls
 1148  cd ..
 1149  ll
 1150  git clone https://github.com/RSGInc/odot_PopulationSim_resources.git
 1151  ls
 1152  ll
 1153  cd ..
 1154  cd activitysim/
 1155  conda activate asimtest
 1156  jupyter notebook
 1157  C
 1158  q
 1159  exit
 1160  npm start
 1161  cd src
 1162  ll
 1163  cd components/
 1164  ls
 1165  cd ../
 1166  ls
 1167  mkdir modules
 1168  git submodule add https://github.com/availabs/avl-map.git
 1169  ls
 1170  rm -rf avl-map/
 1171  ls
 1172  rm -rf .git
 1173  ls
 1174  cd modules/
 1175  git submodule add https://github.com/availabs/avl-map.git
 1176  cd ../
 1177  git init
 1178  cd ../
 1179  mv openFemaData/ avl-modeler
 1180  cd avl-modeler/
 1181  npm start
 1182  mkdir
 1183  mkdir repo
 1184  cd repo/
 1185  git clone https://github.com/ActivitySim/activitysim.git
 1186  cd ..
 1187  rf rm repo/
 1188  rf -rm repo
 1189  rm -rf repo
 1190  git clone https://github.com/ActivitySim/activitysim.git
 1191  ls
 1192  cd activitysim/
 1193  ll
 1194  cd activitysim/
 1195  ll
 1196  cd examples/
 1197  ll
 1198  cd example_mtc/
 1199  ls
 1200  cd output/
 1201  ls
 1202  cd ..
 1203  conda activate asimtest1
 1204  ls
 1205  deactivate asimtest1
 1206  conda deactivate asimtest1
 1207  conda deactivate
 1208  conda activate asimtest
 1209  ls
 1210  conda deactivate
 1211  conda activate asimtest1
 1212  jupyter notebook
 1213  cd activitysim/
 1214  ls
 1215  cd examples/
 1216  cd example_mtc/
 1217  cd notebooks/
 1218  ls
 1219  jupyter notebook
 1220  cd ..
 1221  jupyter notebook
 1222  cd activitysim/
 1223  jupyter notebook
 1224  cd ..
 1225  ll
 1226  cd external_resources/
 1227  git clone https://github.com/RSGInc/odot_PopulationSim_resources.git
 1228  sudo apt install pzip
 1229  ls
 1230  cd odot_PopulationSim_resources/
 1231  ll
 1232  cd training_package/
 1233  ll
 1234  p7zip -d TrainingPackage.7z 
 1235  sudo apt install p7zip
 1236  p7zip -d TrainingPackage.7z 
 1237  sudo apt-get install p7zip-full
 1238  7z x TrainingPackage.7z 
 1239  ls
 1240  ll
 1241  7za e TrainingPackage.7z 
 1242  ls -la
 1243  ls -lah
 1244  cd ../
 1245  ls
 1246  cd ../
 1247  ls
 1248  cd ../
 1249  ls
 1250  git status
 1251  cd populationsim/
 1252  ls
 1253  git status
 1254  ll
 1255  cd data/
 1256  ls
 1257  tippecanoe -o tl_2020_36_bg.mbtile -zg --drop-densest-as-needed tl_2020_36_bg.geojson
 1258  tippecanoe -o tl_2020_36_puma10.mbtile -zg --drop-densest-as-needed tl_2020_36_puma10.geojson 
 1259  cd ..
 1260  git clone https://github.com/availabs/openFemaData.git
 1261  ll
 1262  cd openFemaData/
 1263  ls
 1264  npm instal
 1265  cd ..
 1266  cd..
 1267  cd ..
 1268  ll
 1269  cd ..
 1270  ll
 1271  cd usr
 1272  cd ..
 1273  cd user
 1274  cd usr/
 1275  ll
 1276  cd ..
 1277  cd home/
 1278  ll
 1279  cd jin/
 1280  ll
 1281  find . -iname example_calm*
 1282  cd ..
 1283  ll
 1284  cd usr
 1285  ll
 1286  cd share/
 1287  ll
 1288  ls
 1289  find . -iname example_calm*
 1290  cd ..
 1291  find . -iname example_calm*
 1292  cd ..
 1293  ll
 1294  cd home/
 1295  cd .
 1296  cd ..
 1297  find . -iname example_calm*
 1298  cd ..
 1299  ls
 1300  cd home/
 1301  ls
 1302  cd jin/
 1303  cd AVAIL/code
 1304  ls
 1305  cd ac
 1306  cd activitysim/
 1307  ls
 1308  mkdir populationsim
 1309  ls
 1310  cd populationsim/
 1311  ls
 1312  git clone https://github.com/ActivitySim/populationsim.git
 1313  ls
 1314  cd populationsim/
 1315  ll
 1316  cd ..
 1317  git clone https://github.com/ActivitySim/populationsim.git
 1318  rm -rf populationsim/
 1319  ll
 1320  git clone https://github.com/ActivitySim/populationsim.git
 1321  ll
 1322  cd populationsim/
 1323  ll
 1324  cd example_calm
 1325  ll
 1326  conda activate popsim
 1327  python run_populationsim.py 
 1328  npm start
 1329  git status
 1330  less .git/config 
 1331  git add . 
 1332  git commit -m 'setup' 
 1333  git remote add origin https://github.com/availabs/avl-modeler.git
 1334  git push origin master
 1335  npm start
 1336  ll
 1337  cd src/modules/avl-map/
 1338  git pull origin master
 1339  git diff
 1340  npm start
 1341  npm install @turf/boolean-contains
 1342  npm start
 1343  cd ..
 1344  npm start
 1345  cd AVAIL/code/avl-modeler/
 1346  cd src/modules/avl-map/
 1347  git stash
 1348  git stash pop
 1349  git stash
 1350  git stash pop
 1351  git stash
 1352  git stash pop
 1353  git stash
 1354  git stash pop
 1355  git stash
 1356  git stash pop
 1357  git stash
 1358  cd ..
 1359  avl-map/git pull origin master
 1360  cd avl-map/
 1361  git pull origin master
 1362  git stash
 1363  git pull orgin master
 1364  git pull origin master
 1365  git status
 1366  git pull origin master
 1367  npm start
 1368  npm install @turf/boolean-contains
 1369  npm start
 1370  npm install @turf/boolean-contain
 1371  npm start
 1372  npm install @turf/turf
 1373  npm start
 1374  npm i --save lodash.flattend
 1375  npm start
 1376  cd AVAIL/code
 1377  ll
 1378  cd avl-modeler/
 1379  {sudo -H} npm i -g npm
 1380  cd AVAIL/
 1381  cd c
 1382  cd code/
 1383  ll
 1384  cd activitysim/
 1385  ll
 1386  cd populationsim/
 1387  ll
 1388  conda activate popsim
 1389  cd example_calm
 1390  ll
 1391  python run_populationsim.py 
 1392  npm start
 1393  history > log_071321
 1394  npm start
 1395  git add .
 1396  git commit -m 'filter BGs based on selected puma'
 1397  git pull
 1398  git push
 1399  sudo apt-get install filezilla
 1400  cd AVAIL/
 1401  cd code/
 1402  ls
 1403  cd activitysim/
 1404  ls
 1405  cd populationsim/
 1406  ls
 1407  cd example_calm
 1408  ll
 1409  cd data/
 1410  ls
 1411  awk -F'\t' -v OFS='\t' '
 1412    NR == 1 {print "ID", $0; next}
 1413    {print (NR-1), $0}
 1414  ' hh_seed_test.csv > output.csv
 1415  ls
 1416  cat output.csv 
 1417  awk -F'\t' -v OFS='\t' '
 1418    NR == 1 {print "hhnum", $0; next}
 1419    {print (NR-1), $0}
 1420  ' hh_seed_test.csv > hh_seed_2.csv
 1421  npm install file-saver --save
 1422  git add . 
 1423  git commite - m 'update DataGenerator'
 1424  git commit - m 'update DataGenerator'
 1425  git commit -m 'update DataGenerator'
 1426  git pull
 1427  git push
 1428  cd AV
 1429  cd AVAIL/
 1430  ls
 1431  cd code/
 1432  ls
 1433  cd activitysim/
 1434  ls
 1435  cd populationsim/
 1436  ls
 1437  cd example_calm
 1438  ls
 1439  py run_populationsim.py 
 1440  activate popsim
 1441  conda activate popsim
 1442  python run_populationsim.py 
 1443  LS
 1444  ls
 1445  python run_populationsim.py 
 1446  ls
 1447  less configs/controls.csv 
 1448  python run_populationsim.py 
 1449  less configs/controls.csv 
 1450  python run_populationsim.py 
 1451  [A
 1452  python run_populationsim.py 
 1453  python run_populationsim.py \
 1454  python run_populationsim.py
 1455  /usr/bin/python3
 1456  /usr/bin/python3 -m pip install -U autopep8
 1457  npm start
 1458  npm install --save-dev json-loader
 1459  cd AVAIL/
 1460  cd code
 1461  ls
 1462  cd activitysim/
 1463  ls
 1464  cd populationsim/
 1465  ls
 1466  cd example_calm
 1467  ls
 1468  python run_populationsim.py 
 1469  activate popsim
 1470  conda activate popsim
 1471  python run_populationsim.py 
 1472  clear
 1473  python run_populationsim.py 
 1474  clear
 1475  python run_populationsim.py 
 1476  clear
 1477  python run_populationsim.py 
 1478  clear
 1479  python run_populationsim.py 
 1480  clear
 1481  python run_populationsim.py 
 1482  clear
 1483  python run_populationsim.py 
 1484  clear
 1485  python run_populationsim.py 
 1486  clear
 1487  python run_populationsim.py
 1488  python run_populationsim.py 
 1489  ls
 1490  cd data
 1491  ls
 1492  cd ..
 1493  python run_populationsim.py 
 1494  ls
 1495  cd ../
 1496  ls
 1497  cd em
 1498  cd example_calm
 1499  python run_populationsim.py 
 1500  cd ..
 1501  ls
 1502  cd example_calm_albany/
 1503  python run_populationsim.py 
 1504  cd ..
 1505  ls
 1506  cd example_test/
 1507  python run_populationsim.py 
 1508  cd ..
 1509  cd example_calm_albany/
 1510  python run_populationsim.py 
 1511  cd AVAIL/code/
 1512  ls
 1513  cd activitysim/
 1514  ls
 1515  cd ..
 1516  avl-m
 1517  avl-modeler/
 1518  ls
 1519  activitysim/
 1520  cd activitysim/
 1521  cd populationsim/
 1522  ls
 1523  cd example_calm
 1524  conda activate popsim
 1525  ls
 1526  python run_populationsim.py 
 1527  cd ..
 1528  cd example_calm_albany/
 1529  python run_populationsim.py 
 1530  exit
 1531  cd AVAIL/code
 1532  cd activitysim/
 1533  ls
 1534  cd populationsim/
 1535  ls
 1536  cd example_calm_albany/
 1537  conda activate popsim
 1538  python run_populationsim.py 
 1539  q
 1540  quit
 1541  exit
 1542  cd ..
 1543  cd activitysim/
 1544  ls
 1545  cd populationsim/
 1546  ls
 1547  cd example_calm_albany/
 1548  ls
 1549  python run_populationsim.py 
 1550  conda activate popsim
 1551  python run_populationsim.py 
 1552  cd AVAIL/cde
 1553  cd AVAIL
 1554  cd code/
 1555  ls
 1556  cd avl-modeler/
 1557  ls
 1558  cd tasks/
 1559  ls
 1560  cd split_pums_data/
 1561  node --max-old-space-size=16384 spliter.js 
 1562  npm start
 1563  Prettify JSON
 1564  npm start
 1565  cd AVAIL/code
 1566  cd ..
 1567  ls
 1568  cd Documents/
 1569  ls
 1570  cd sam/
 1571  ls
 1572  cd HOLC_Area_Description_Data-master/
 1573  mkdir original
 1574  cd original/
 1575  git clone https://github.com/americanpanorama/HOLC_Area_Description_Data.git
 1576  cd ..
 1577  ls
 1578  cd activitysim/
 1579  ls
 1580  cd populationsim/
 1581  ls
 1582  cd example_calm_albany/
 1583  ls
 1584  conda activate popsim
 1585  python run_populationsim.py 
 1586  exit
 1587  ls
 1588  cd AVAIL/code
 1589  ls
 1590  cd avl-modeler/
 1591  ls
 1592  cd tasks/
 1593  ls
 1594  cd split_pums_data/
 1595  ls
 1596  node --max-old-space-size=16384 spliter.js 
 1597  cd ..
 1598  npm start
 1599  npm start
 1600  jupyter notebook
 1601  conda jupyter notebook
 1602  cd ..
 1603  ls
 1604  cd jin
 1605  ls
 1606  cd Documents/
 1607  cd sam
 1608  ls
 1609  ll
 1610  ls
 1611  ll
 1612  cd NASA\ Earth\ Data/
 1613  ls
 1614  ll
 1615  cd ..
 1616  cd home
 1617  ls
 1618  cd jin
 1619  ls
 1620  cd AVAIL/
 1621  ls
 1622  cd code
 1623  ls
 1624  clone https://github.com/ecohydro/GlobalUrbanHeat.git
 1625  git clone https://github.com/ecohydro/GlobalUrbanHeat.git
 1626  ls
 1627  cd GlobalUrbanHeat/
 1628  ls
 1629  ll
 1630  cd Notebooks/
 1631  ls
 1632  jupyter notebook
 1633  cd ..
 1634  conda install jupyterlab
 1635  jupyter notebook
 1636  conda jupyter notebook
 1637  jupyter notebook
 1638  npm start
 1639  git add .
 1640  git commit -m 'update VarDisplay'
 1641  git pull
 1642  git pushgit push
 1643  git push
 1644  npm start
 1645  cd AVAIL/
 1646  code
 1647  ls
 1648  cd code
 1649  ls
 1650  cd ..
 1651  ls
 1652  cd Documents/
 1653  ls
 1654  cd sam/
 1655  ls
 1656  git clone https://github.com/americanpanorama/Census_HOLC_Research.git
 1657  ls
 1658  ls lm
 1659  ls
 1660  ll
 1661  cd ls
 1662  ls
 1663  cd Downloads/
 1664  ls
 1665  npm start
 1666  cd Downloads/
 1667  ls
 1668  cd A
 1669  ls
 1670  cd ASUS_MB_Series_driver_for_Ubuntu_5.3.1/
 1671  ls
 1672  sudo ./displaylink-driver-5.3.1.34.run
 1673  d ..
 1674  cd ..
 1675  ls
 1676  git clone ttps://github.com/AdnanHodzic/displaylink-debian.git
 1677  git clone https://github.com/AdnanHodzic/displaylink-debian.git
 1678  cd displaylink-debian/
 1679  ls
 1680  sudo ./displaylink-debian.sh
 1681  apt-get update
 1682  sudo apt-get update
 1683  sudo ./displaylink-debian.sh
 1684  npm start
 1685  ls
 1686  cd database/
 1687  ls
 1688  python create.py
 1689  python insert_test_data.py 
 1690  cd AVAIL/code
 1691  cd activity_sim_server/
 1692  py -m venv venv
 1693  conda
 1694  conda list
 1695  conda --help
 1696  conda create --help
 1697  conda create -n asim python=3.9 -c conda-forge --override-channels
 1698  conda activate asim
 1699  conda install flask
 1700  python index.py
 1701  flask index.py
 1702  flask --version
 1703  export FLASK_APP=index
 1704  flask run
 1705  conda install sqlite
 1706  python database/create.py 
 1707  ls database/
 1708  python database/create.py 
 1709  ls database/
 1710  cd database/
 1711  python create.py 
 1712  ls
 1713  cd ..
 1714  ls
 1715  rm activitysimserver.sqlite 
 1716  ls
 1717  rm database/activitysimserver.sqlite 
 1718  python database/create.py 
 1719  sudo apt-get install sqlitebrowser 
 1720  python database/create.py 
 1721  python database/insert_test_data.py 
 1722  history>history.log
 1723  flask run
 1724  npm start
 1725  git add .
 1726  git commit -m 'update barcharts'
 1727  git pull
 1728  git push
 1729  npm start
 1730  ls
 1731  cd database/
 1732  python create.py
 1733  python insert_test_data.py 
 1734  conda activate asim
 1735  python index.py
 1736  flask index.py
 1737  flask run
 1738  flask --version
 1739  export FLASK_APP=index
 1740  flask run
 1741  conda config --show channels
 1742  conda list
 1743  git add .
 1744  git add.
 1745  conda activate asim
 1746  flask run
 1747  export FLASK_APP=index
 1748  flask run
 1749  python index.py
 1750  flask run
 1751  cd AVAIL/code
 1752  ls
 1753  cd backup/
 1754  ls
 1755  mkdir avl-modeler-working
 1756  ls
 1757  cd avl-modeler-working/
 1758  git clone https://github.com/availabs/avl-modeler.git
 1759  ls
 1760  rm -rf avl-modeler/
 1761  ls
 1762  cd ..
 1763  git clone https://github.com/availabs/avl-modeler.git
 1764  cd avl-modeler
 1765  npm start
 1766  sudo apt-get update
 1767  sudo apt-get install clamav clamav-daemon
 1768  clamscan --version
 1769  git init
 1770  git add .
 1771  git commit -m 'initial commit'
 1772  cd src
 1773  cd modules/
 1774  git submodule add https://github.com/availabs/avl-components.git .
 1775  git submodule add https://github.com/availabs/avl-components.git 
 1776  ls
 1777  rm -rf avl-components/
 1778  rm -rf avl-graph/
 1779  git submodule add https://github.com/availabs/avl-components.git 
 1780  cd avl-components/
 1781  git checkout 1.1.0
 1782  git pull
 1783  git status
 1784  cd ..
 1785  npm install
 1786  npm start
 1787  npm install @headlessui/react
 1788  npm start
 1789  ls
 1790  cd src/modules/
 1791  git submodule add https://github.com/availabs/avl-map.git .
 1792  l
 1793  git submodule add https://github.com/availabs/avl-map.git
 1794  ls
 1795  cd avl-
 1796  cd avl-map/
 1797  git status
 1798  ls
 1799  git pull origin master
 1800  cd ../
 1801  cd .//
 1802  cd ../
 1803  npm install lodash.flatten papaparse jszip filesaver @turf/turf --save
 1804  npm start
 1805  npm i @heroicons/react
 1806  npm install file-saver --save
 1807  cd database/
 1808  python create.py 
 1809  python insert_test_data.py 
 1810  cd ..
 1811  ls database/
 1812  cd database/
 1813  cd ..
 1814  python database/create.py 
 1815  python database/insert_test_data.py 
 1816  cd database/
 1817  python create.py 
 1818  python insert_test_data.py 
 1819  ls
 1820  rm rf activitysimserver.sqlite 
 1821  ls
 1822  python create.py 
 1823  python insert_test_data.py 
 1824  ls
 1825  rm activitysimserver.sqlite 
 1826  python create.py 
 1827  python insert_test_data.py 
 1828  rm activitysimserver.sqlite 
 1829  python create.py 
 1830  python insert_test_data.py 
 1831  rm activitysimserver.sqlite 
 1832  python create.py 
 1833  rm activitysimserver.sqlite 
 1834  python create.py 
 1835  python insert_test_data.py 
 1836  python create.py 
 1837  python insert_test_data.py 
 1838  rm activitysimserver.sqlite 
 1839  python create.py 
 1840  python insert_test_data.py 
 1841  rm activitysimserver.sqlite 
 1842  python create.py 
 1843  python insert_test_data.py 
 1844  cd ..
 1845  git clone https://github.com/availabs/ppdaf-layout.git
 1846  mv ppdaf-layout/
 1847  mv ppdaf-layout/ avl-modeler 
 1848  cd avl-modeler/
 1849  rm -rf .git
 1850  cd ..
 1851  git clone https://github.com/availabs/ppdaf-layout.git
 1852  mv ppdaf-layout/ avl-modeler2
 1853  cd avl-modeler2
 1854  rm -rf .git
 1855  python insert_test_data.py 
 1856  cd ..
 1857  cd activity_sim_server/
 1858  cd database/
 1859  ls
 1860  rm activitysimserver.sqlite 
 1861  python create.py 
 1862  python insert_test_data.py 
 1863  rm activitysimserver.sqlite 
 1864  python create.py 
 1865  python insert_test_data.py 
 1866  cd ../
 1867  ls
 1868  less README.md 
 1869  conda activate asim
 1870  python index.py 
 1871  flask run
 1872  flask run index.py 
 1873  ls
 1874  less README.md 
 1875  ls
 1876  flask run
 1877  chmod ./envars.sh +x
 1878  chmod +x ./envars.sh
 1879  ./envars.sh 
 1880  flask run
 1881  export FLASK_APP=index
 1882  flask run
 1883  history > history1.log
 1884  flask run
 1885  conda install -c anaconda flask-cors
 1886  conda list
 1887  conda install -c anaconda flask-cors
 1888  conda list
 1889  flask run
 1890  conda install -U flask-cors
 1891  conda install -c conda-forge flask-cors
 1892  cd database/
 1893  make
 1894  ls
 1895  ls -lah
 1896  ls
 1897  make
 1898  ls
 1899  rm -rf data/
 1900  rm counties.zip 
 1901  make
 1902  ls
 1903  cd data/
 1904  ls
 1905  cd ../
 1906  make
 1907  make -all
 1908  make all
 1909  make
 1910  unzip -d data/csv_pny.zip
 1911  unzip data/csv_pny.zip
 1912  ls
 1913  ls data/
 1914  mamke
 1915  make
 1916  ls
 1917  make
 1918  ls
 1919  make
 1920  ls
 1921  ls data/
 1922  less data/
 1923  ls data/
 1924  ll
 1925  rm -rf psam_p36.csv 
 1926  ls
 1927  ls data/
 1928  ls
 1929  rm -rf data/
 1930  make
 1931  unzip -p data/csv_pny.zip /psam_h36.csv > data/psam_h36.csv
 1932  ls data/
 1933  rm -rf data/
 1934  make
 1935  ls data/
 1936  rm -rf data/
 1937  nmake
 1938  make
 1939  ls data/
 1940  less data/psam_h36.csv 
 1941  unzip -p data/csv_hny.zip /psam_h36.csv > data/psam_h36.csv
 1942  unzip -p data/csv_hny.zip psam_h36.csv > data/psam_h36.csv
 1943  less data/psam_h36.csv 
 1944  rm -rf data/
 1945  make
 1946  pip install pandas
 1947  python import_csv.py 
 1948  python import_csv_1.py 
 1949  python load_csv.py 
 1950  npm start
 1951  cd ..
 1952  cd backup/
 1953  ls
 1954  cd avl-modeler-working/
 1955  ls
 1956  cd ..
 1957  cd home
 1958  ls
 1959  cd jin
 1960  cd AVAIL/code
 1961  ls
 1962  cd avl-modeler
 1963  npm start
 1964  cd server/
 1965  ls -lah
 1966  ls
 1967  history > history1.log
 1968  npm i react-select
 1969  git pull
 1970  git add .
 1971  git commit     selectedACSKeys.push(
 1972  git add .
 1973  git commit -m 'update variable selector'
 1974  git pull
 1975  git push
 1976  cd server/
 1977  ls
 1978  activate asim
 1979  cpmda activate asim
 1980  conda activate asim
 1981  flask run
 1982  export FLASK_APP=index
 1983  flask run
 1984  top
 1985  ls
 1986  top
 1987  shutdown -r now
 1988  npm start
 1989  cd server/
 1990  flask run
 1991  conda activate asim
 1992  flask run
 1993  ./envars.sh 
 1994  flask run
 1995  export FLASK_APP=index
 1996  flask run
 1997  cd ..
 1998  cd avl-modeler2
 1999  cd server/
 2000  ls
 2001  conda activate asim
 2002  history >history3.log
